[2026-03-10 03:01:15] [error] Error [2]: Undefined variable $bail_records in C:\xampp\htdocs\ghpims\views\bail\index.php on line 24
[2026-03-10 03:01:15] [error] Error [2]: foreach() argument must be of type array|object, null given in C:\xampp\htdocs\ghpims\views\bail\index.php on line 24
[2026-03-10 03:06:47] [error] Routing error: SQLSTATE[42S22]: Column not found: 1054 Unknown column 'cp.hearing_date' in 'where clause'
[2026-03-10 03:06:47] [error] Exception: SQLSTATE[42S22]: Column not found: 1054 Unknown column 'cp.hearing_date' in 'where clause' in C:\xampp\htdocs\ghpims\app\Controllers\CourtCalendarController.php on line 178
[2026-03-10 03:10:09] [error] Error [2]: Undefined array key "case_status" in C:\xampp\htdocs\ghpims\views\bail\view.php on line 90
[2026-03-10 03:36:37] [error] Error [2]: Undefined array key "case_status" in C:\xampp\htdocs\ghpims\views\bail\view.php on line 90
[2026-03-10 03:39:11] [error] Exception: syntax error, unexpected token "<", expecting end of file in C:\xampp\htdocs\ghpims\views\court\calendar.php on line 38
[2026-03-10 03:41:38] [error] Exception: syntax error, unexpected string content "" in C:\xampp\htdocs\ghpims\views\court\calendar.php on line 156
[2026-03-10 03:42:06] [error] Routing error: SQLSTATE[42S22]: Column not found: 1054 Unknown column 'cp.hearing_date' in 'where clause'
[2026-03-10 03:42:06] [error] Exception: SQLSTATE[42S22]: Column not found: 1054 Unknown column 'cp.hearing_date' in 'where clause' in C:\xampp\htdocs\ghpims\app\Controllers\CourtCalendarController.php on line 213
[2026-03-10 03:46:53] [error] Error [2]: Undefined array key "case_status" in C:\xampp\htdocs\ghpims\views\charges\view.php on line 71
[2026-03-10 03:48:24] [error] Failed to log sensitive data access: SQLSTATE[42S22]: Column not found: 1054 Unknown column 'access_timestamp' in 'field list'
[2026-03-10 03:48:24] [info] Background check performed on person ID 1 by user 1
[2026-03-10 03:48:33] [info] Crime check performed:   - NOT FOUND
[2026-03-10 03:48:50] [info] Crime check performed: 0545644749 - FOUND
[2026-03-10 03:48:50] [error] Failed to log sensitive data access: SQLSTATE[42S22]: Column not found: 1054 Unknown column 'access_timestamp' in 'field list'
[2026-03-10 03:48:50] [info] Background check performed via identifier search by user 1
[2026-03-10 03:52:34] [info] Crime check performed: 0545644749 - FOUND
[2026-03-10 03:52:34] [error] Failed to log sensitive data access: SQLSTATE[42S22]: Column not found: 1054 Unknown column 'access_timestamp' in 'field list'
[2026-03-10 03:52:34] [info] Background check performed via identifier search by user 1
[2026-03-10 03:55:03] [info] Investigation milestone created for case 7: Milestone ID 2
[2026-03-10 03:56:16] [error] Routing error: View not found: warrants/active
[2026-03-10 03:56:16] [error] Exception: View not found: warrants/active in C:\xampp\htdocs\ghpims\app\Helpers\functions.php on line 41
[2026-03-10 03:58:16] [error] Exception: App\Controllers\WarrantController::show(): Argument #1 ($id) must be of type int, string given in C:\xampp\htdocs\ghpims\app\Controllers\WarrantController.php on line 38
[2026-03-10 03:58:34] [error] Exception: App\Controllers\WarrantController::show(): Argument #1 ($id) must be of type int, string given in C:\xampp\htdocs\ghpims\app\Controllers\WarrantController.php on line 38
[2026-03-10 03:58:49] [error] Exception: App\Controllers\WarrantController::show(): Argument #1 ($id) must be of type int, string given in C:\xampp\htdocs\ghpims\app\Controllers\WarrantController.php on line 38
